<?xml version="1.0" encoding="UTF-8"?>
<robot generator="Robot 6.1 (Python 3.11.5 on linux)" generated="20231206 17:55:49.781" rpa="false" schemaversion="4">
<suite id="s1" name="Tests" source="/opt/robotframework/tests">
<suite id="s1-s1" name="00 SmokeTest" source="/opt/robotframework/tests/00_SmokeTest.robot">
<test id="s1-s1-t1" name="Browser opens inside docker" line="7">
<kw name="When User has home page open in browser" library="keywords">
<kw name="Open Browser" library="SeleniumLibrary">
<arg>url=${URL}</arg>
<arg>browser=${BROWSER}</arg>
<arg>options=add_argument("--no-sandbox")</arg>
<doc>Opens a new browser instance to the optional ``url``.</doc>
<msg timestamp="20231206 17:55:49.965" level="INFO">Opening browser 'headlesschrome' to base url 'http://host.docker.internal:3000'.</msg>
<status status="PASS" starttime="20231206 17:55:49.963" endtime="20231206 17:55:54.661"/>
</kw>
<kw name="Set Window Size" library="SeleniumLibrary">
<arg>1920</arg>
<arg>1080</arg>
<doc>Sets current windows size to given ``width`` and ``height``.</doc>
<status status="PASS" starttime="20231206 17:55:54.661" endtime="20231206 17:55:54.775"/>
</kw>
<status status="PASS" starttime="20231206 17:55:49.962" endtime="20231206 17:55:54.775"/>
</kw>
<kw name="Wait Until Element Is Visible" library="SeleniumLibrary">
<arg>xpath://*[contains(text(), "My name is Lauri and I'm an enthusiastic, up-and-coming software developer looking for an internship.")]</arg>
<doc>Waits until the element ``locator`` is visible.</doc>
<status status="PASS" starttime="20231206 17:55:54.775" endtime="20231206 17:55:54.813"/>
</kw>
<status status="PASS" starttime="20231206 17:55:49.961" endtime="20231206 17:55:54.813"/>
</test>
<kw name="Close All Browsers" library="SeleniumLibrary" type="TEARDOWN">
<doc>Closes all open browsers and resets the browser cache.</doc>
<status status="PASS" starttime="20231206 17:55:54.814" endtime="20231206 17:55:54.876"/>
</kw>
<status status="PASS" starttime="20231206 17:55:49.803" endtime="20231206 17:55:54.876"/>
</suite>
<suite id="s1-s2" name="01 HeaderTest" source="/opt/robotframework/tests/01_HeaderTest.robot">
<test id="s1-s2-t1" name="User can navigate to work experience page" line="6">
<kw name="Given User has home page open in browser" library="keywords">
<kw name="Open Browser" library="SeleniumLibrary">
<arg>url=${URL}</arg>
<arg>browser=${BROWSER}</arg>
<arg>options=add_argument("--no-sandbox")</arg>
<doc>Opens a new browser instance to the optional ``url``.</doc>
<msg timestamp="20231206 17:55:54.884" level="INFO">Opening browser 'headlesschrome' to base url 'http://host.docker.internal:3000'.</msg>
<status status="PASS" starttime="20231206 17:55:54.883" endtime="20231206 17:55:58.199"/>
</kw>
<kw name="Set Window Size" library="SeleniumLibrary">
<arg>1920</arg>
<arg>1080</arg>
<doc>Sets current windows size to given ``width`` and ``height``.</doc>
<status status="PASS" starttime="20231206 17:55:58.199" endtime="20231206 17:55:58.312"/>
</kw>
<status status="PASS" starttime="20231206 17:55:54.883" endtime="20231206 17:55:58.312"/>
</kw>
<kw name="When User navigates to work page">
<kw name="Click Element" library="SeleniumLibrary">
<arg>xpath://*[@href="/career"]</arg>
<doc>Click the element identified by ``locator``.</doc>
<msg timestamp="20231206 17:55:58.313" level="INFO">Clicking element 'xpath://*[@href="/career"]'.</msg>
<status status="PASS" starttime="20231206 17:55:58.313" endtime="20231206 17:55:58.757"/>
</kw>
<kw name="Wait Until Element Is Visible" library="SeleniumLibrary">
<arg>xpath://*[@id="root"]/div/div[2]</arg>
<doc>Waits until the element ``locator`` is visible.</doc>
<status status="PASS" starttime="20231206 17:55:58.757" endtime="20231206 17:55:58.836"/>
</kw>
<status status="PASS" starttime="20231206 17:55:58.312" endtime="20231206 17:55:58.836"/>
</kw>
<kw name="Wait Until Element Is Visible" library="SeleniumLibrary">
<arg>xpath://*[contains(text(), 'Gymnastics instructor')]</arg>
<doc>Waits until the element ``locator`` is visible.</doc>
<status status="PASS" starttime="20231206 17:55:58.837" endtime="20231206 17:55:58.880"/>
</kw>
<status status="PASS" starttime="20231206 17:55:54.881" endtime="20231206 17:55:58.880"/>
</test>
<test id="s1-s2-t2" name="User can navigate to bio page" line="11">
<kw name="When User navigates to bio page">
<kw name="Click Element" library="SeleniumLibrary">
<arg>xpath://*[@href='/']</arg>
<doc>Click the element identified by ``locator``.</doc>
<msg timestamp="20231206 17:55:58.882" level="INFO">Clicking element 'xpath://*[@href='/']'.</msg>
<status status="PASS" starttime="20231206 17:55:58.882" endtime="20231206 17:55:59.193"/>
</kw>
<kw name="Wait Until Element Is Visible" library="SeleniumLibrary">
<arg>xpath://*[@id="root"]/div/div[2]</arg>
<doc>Waits until the element ``locator`` is visible.</doc>
<status status="PASS" starttime="20231206 17:55:59.194" endtime="20231206 17:55:59.266"/>
</kw>
<status status="PASS" starttime="20231206 17:55:58.881" endtime="20231206 17:55:59.266"/>
</kw>
<kw name="Wait Until Element Is Visible" library="SeleniumLibrary">
<arg>xpath://*[contains(text(), "My name is Lauri and I'm an enthusiastic, up-and-coming software developer looking for an internship.")]</arg>
<doc>Waits until the element ``locator`` is visible.</doc>
<status status="PASS" starttime="20231206 17:55:59.266" endtime="20231206 17:55:59.299"/>
</kw>
<status status="PASS" starttime="20231206 17:55:58.881" endtime="20231206 17:55:59.299"/>
</test>
<test id="s1-s2-t3" name="User can navigate to projects page" line="15">
<kw name="When User navigates to projects page" library="keywords">
<kw name="Click Element" library="SeleniumLibrary">
<arg>xpath://*[@id="root"]/div/div[1]/header/div/a[3]</arg>
<doc>Click the element identified by ``locator``.</doc>
<msg timestamp="20231206 17:55:59.302" level="INFO">Clicking element 'xpath://*[@id="root"]/div/div[1]/header/div/a[3]'.</msg>
<status status="PASS" starttime="20231206 17:55:59.301" endtime="20231206 17:55:59.668"/>
</kw>
<kw name="Wait Until Element Is Visible" library="SeleniumLibrary">
<arg>xpath://*[@id="root"]/div/div[2]</arg>
<doc>Waits until the element ``locator`` is visible.</doc>
<status status="PASS" starttime="20231206 17:55:59.668" endtime="20231206 17:56:00.231"/>
</kw>
<status status="PASS" starttime="20231206 17:55:59.300" endtime="20231206 17:56:00.231"/>
</kw>
<kw name="Wait Until Element Is Visible" library="SeleniumLibrary">
<arg>xpath://*[contains(text(), 'These are projects')]</arg>
<doc>Waits until the element ``locator`` is visible.</doc>
<status status="PASS" starttime="20231206 17:56:00.231" endtime="20231206 17:56:00.267"/>
</kw>
<status status="PASS" starttime="20231206 17:55:59.299" endtime="20231206 17:56:00.267"/>
</test>
<status status="PASS" starttime="20231206 17:55:54.877" endtime="20231206 17:56:00.268"/>
</suite>
<suite id="s1-s3" name="02 ContactComponentTest" source="/opt/robotframework/tests/02_ContactComponentTest.robot">
<test id="s1-s3-t1" name="Contact component works as intended" line="7">
<kw name="Given User navigates to homepage" library="keywords">
<kw name="Click Element" library="SeleniumLibrary">
<arg>xpath://*[@href='/']</arg>
<doc>Click the element identified by ``locator``.</doc>
<msg timestamp="20231206 17:56:00.274" level="INFO">Clicking element 'xpath://*[@href='/']'.</msg>
<status status="PASS" starttime="20231206 17:56:00.274" endtime="20231206 17:56:00.563"/>
</kw>
<kw name="Wait Until Element Is Visible" library="SeleniumLibrary">
<arg>xpath://*[@id="root"]/div/div[2]</arg>
<doc>Waits until the element ``locator`` is visible.</doc>
<status status="PASS" starttime="20231206 17:56:00.563" endtime="20231206 17:56:00.633"/>
</kw>
<status status="PASS" starttime="20231206 17:56:00.273" endtime="20231206 17:56:00.633"/>
</kw>
<kw name="Wait Until Element Is Visible" library="SeleniumLibrary">
<arg>xpath://*[contains(text(), 'Name:')]</arg>
<doc>Waits until the element ``locator`` is visible.</doc>
<status status="PASS" starttime="20231206 17:56:00.634" endtime="20231206 17:56:00.667"/>
</kw>
<kw name="Wait Until Element Is Not Visible" library="SeleniumLibrary">
<arg>xpath://*[contains(text(), 'contact:')]</arg>
<doc>Waits until the element ``locator`` is not visible.</doc>
<status status="PASS" starttime="20231206 17:56:00.667" endtime="20231206 17:56:00.690"/>
</kw>
<kw name="Click Button" library="SeleniumLibrary">
<arg>xpath://*[@id="root"]/div/div[2]/div/div[3]/div/div/div[2]/button[2]</arg>
<doc>Clicks the button identified by ``locator``.</doc>
<msg timestamp="20231206 17:56:00.691" level="INFO">Clicking button 'xpath://*[@id="root"]/div/div[2]/div/div[3]/div/div/div[2]/button[2]'.</msg>
<status status="PASS" starttime="20231206 17:56:00.690" endtime="20231206 17:56:00.845"/>
</kw>
<kw name="Wait Until Element Is Visible" library="SeleniumLibrary">
<arg>xpath://*[contains(text(), 'contact: ')]</arg>
<doc>Waits until the element ``locator`` is visible.</doc>
<status status="PASS" starttime="20231206 17:56:00.845" endtime="20231206 17:56:01.377"/>
</kw>
<kw name="Click Button" library="SeleniumLibrary">
<arg>xpath://*[@id="root"]/div/div[2]/div/div[3]/div/div/div[2]/button[1]</arg>
<doc>Clicks the button identified by ``locator``.</doc>
<msg timestamp="20231206 17:56:01.377" level="INFO">Clicking button 'xpath://*[@id="root"]/div/div[2]/div/div[3]/div/div/div[2]/button[1]'.</msg>
<status status="PASS" starttime="20231206 17:56:01.377" endtime="20231206 17:56:01.527"/>
</kw>
<kw name="Wait Until Element Is Not Visible" library="SeleniumLibrary">
<arg>xpath://*[contains(text(), 'contact: ')]</arg>
<doc>Waits until the element ``locator`` is not visible.</doc>
<status status="PASS" starttime="20231206 17:56:01.528" endtime="20231206 17:56:01.540"/>
</kw>
<status status="PASS" starttime="20231206 17:56:00.273" endtime="20231206 17:56:01.540"/>
</test>
<kw name="Close All Browsers" library="SeleniumLibrary" type="TEARDOWN">
<doc>Closes all open browsers and resets the browser cache.</doc>
<status status="PASS" starttime="20231206 17:56:01.541" endtime="20231206 17:56:01.607"/>
</kw>
<status status="PASS" starttime="20231206 17:56:00.269" endtime="20231206 17:56:01.607"/>
</suite>
<suite id="s1-s4" name="03 ProjectTabs" source="/opt/robotframework/tests/03_ProjectTabs.robot">
<test id="s1-s4-t1" name="Projects render data and can be searched" line="7">
<kw name="Given User has home page open in browser" library="keywords">
<kw name="Open Browser" library="SeleniumLibrary">
<arg>url=${URL}</arg>
<arg>browser=${BROWSER}</arg>
<arg>options=add_argument("--no-sandbox")</arg>
<doc>Opens a new browser instance to the optional ``url``.</doc>
<msg timestamp="20231206 17:56:01.615" level="INFO">Opening browser 'headlesschrome' to base url 'http://host.docker.internal:3000'.</msg>
<status status="PASS" starttime="20231206 17:56:01.614" endtime="20231206 17:56:04.870"/>
</kw>
<kw name="Set Window Size" library="SeleniumLibrary">
<arg>1920</arg>
<arg>1080</arg>
<doc>Sets current windows size to given ``width`` and ``height``.</doc>
<status status="PASS" starttime="20231206 17:56:04.870" endtime="20231206 17:56:04.983"/>
</kw>
<status status="PASS" starttime="20231206 17:56:01.614" endtime="20231206 17:56:04.983"/>
</kw>
<kw name="When User navigates to projects page" library="keywords">
<kw name="Click Element" library="SeleniumLibrary">
<arg>xpath://*[@id="root"]/div/div[1]/header/div/a[3]</arg>
<doc>Click the element identified by ``locator``.</doc>
<msg timestamp="20231206 17:56:04.985" level="INFO">Clicking element 'xpath://*[@id="root"]/div/div[1]/header/div/a[3]'.</msg>
<status status="PASS" starttime="20231206 17:56:04.984" endtime="20231206 17:56:05.490"/>
</kw>
<kw name="Wait Until Element Is Visible" library="SeleniumLibrary">
<arg>xpath://*[@id="root"]/div/div[2]</arg>
<doc>Waits until the element ``locator`` is visible.</doc>
<status status="PASS" starttime="20231206 17:56:05.490" endtime="20231206 17:56:06.061"/>
</kw>
<status status="PASS" starttime="20231206 17:56:04.984" endtime="20231206 17:56:06.061"/>
</kw>
<kw name="Wait Until Element Is Visible" library="SeleniumLibrary">
<arg>xpath://*[contains(text(), 'Groupcalendar')]</arg>
<doc>Waits until the element ``locator`` is visible.</doc>
<status status="PASS" starttime="20231206 17:56:06.061" endtime="20231206 17:56:06.105"/>
</kw>
<kw name="Input Text" library="SeleniumLibrary">
<arg>xpath://input[@name="SearchField"]</arg>
<arg>recommendations</arg>
<doc>Types the given ``text`` into the text field identified by ``locator``.</doc>
<msg timestamp="20231206 17:56:06.106" level="INFO">Typing text 'recommendations' into text field 'xpath://input[@name="SearchField"]'.</msg>
<status status="PASS" starttime="20231206 17:56:06.106" endtime="20231206 17:56:06.921"/>
</kw>
<kw name="Wait Until Element Is Not Visible" library="SeleniumLibrary">
<arg>xpath://*[contains(text(), 'Groupcalendar')]</arg>
<doc>Waits until the element ``locator`` is not visible.</doc>
<status status="PASS" starttime="20231206 17:56:06.921" endtime="20231206 17:56:06.954"/>
</kw>
<kw name="Wait Until Element Is Visible" library="SeleniumLibrary">
<arg>xpath://*[contains(text(), 'Movie Recommendations')]</arg>
<doc>Waits until the element ``locator`` is visible.</doc>
<status status="PASS" starttime="20231206 17:56:06.954" endtime="20231206 17:56:06.994"/>
</kw>
<status status="PASS" starttime="20231206 17:56:01.612" endtime="20231206 17:56:06.994"/>
</test>
<test id="s1-s4-t2" name="Projects can be searched by description" line="15">
<kw name="Click Element" library="SeleniumLibrary">
<arg>xpath://*[@id="mui-component-select-SearchBy"]</arg>
<doc>Click the element identified by ``locator``.</doc>
<msg timestamp="20231206 17:56:06.997" level="INFO">Clicking element 'xpath://*[@id="mui-component-select-SearchBy"]'.</msg>
<status status="PASS" starttime="20231206 17:56:06.997" endtime="20231206 17:56:07.132"/>
</kw>
<kw name="Wait Until Element Is Visible" library="SeleniumLibrary">
<arg>xpath://*[@data-value="Description"]</arg>
<doc>Waits until the element ``locator`` is visible.</doc>
<status status="PASS" starttime="20231206 17:56:07.132" endtime="20231206 17:56:07.167"/>
</kw>
<kw name="Click Element" library="SeleniumLibrary">
<arg>xpath://*[@data-value="Description"]</arg>
<doc>Click the element identified by ``locator``.</doc>
<msg timestamp="20231206 17:56:07.167" level="INFO">Clicking element 'xpath://*[@data-value="Description"]'.</msg>
<status status="PASS" starttime="20231206 17:56:07.167" endtime="20231206 17:56:07.518"/>
</kw>
<kw name="Wait Until Element Is Not Visible" library="SeleniumLibrary">
<arg>xpath://*[@data-value="Description"]</arg>
<doc>Waits until the element ``locator`` is not visible.</doc>
<status status="PASS" starttime="20231206 17:56:07.518" endtime="20231206 17:56:07.747"/>
</kw>
<kw name="Input Text" library="SeleniumLibrary">
<arg>xpath://input[@name="SearchField"]</arg>
<arg>a fun</arg>
<doc>Types the given ``text`` into the text field identified by ``locator``.</doc>
<msg timestamp="20231206 17:56:07.747" level="INFO">Typing text 'a fun' into text field 'xpath://input[@name="SearchField"]'.</msg>
<status status="PASS" starttime="20231206 17:56:07.747" endtime="20231206 17:56:08.342"/>
</kw>
<kw name="Wait Until Element Is Not Visible" library="SeleniumLibrary">
<arg>xpath://*[contains(text(), 'Movie Recommendations')]</arg>
<doc>Waits until the element ``locator`` is not visible.</doc>
<status status="PASS" starttime="20231206 17:56:08.342" endtime="20231206 17:56:08.374"/>
</kw>
<kw name="Wait Until Element Is Visible" library="SeleniumLibrary">
<arg>xpath://*[contains(text(), 'Warspear Offline')]</arg>
<doc>Waits until the element ``locator`` is visible.</doc>
<status status="PASS" starttime="20231206 17:56:08.374" endtime="20231206 17:56:08.404"/>
</kw>
<status status="PASS" starttime="20231206 17:56:06.995" endtime="20231206 17:56:08.404"/>
</test>
<test id="s1-s4-t3" name="Projects can be searched by technology" line="24">
<kw name="Click Element" library="SeleniumLibrary">
<arg>xpath://*[@id="mui-component-select-SearchBy"]</arg>
<doc>Click the element identified by ``locator``.</doc>
<msg timestamp="20231206 17:56:08.407" level="INFO">Clicking element 'xpath://*[@id="mui-component-select-SearchBy"]'.</msg>
<status status="PASS" starttime="20231206 17:56:08.406" endtime="20231206 17:56:08.499"/>
</kw>
<kw name="Wait Until Element Is Visible" library="SeleniumLibrary">
<arg>xpath://*[@data-value="Technology"]</arg>
<doc>Waits until the element ``locator`` is visible.</doc>
<status status="PASS" starttime="20231206 17:56:08.501" endtime="20231206 17:56:08.534"/>
</kw>
<kw name="Click Element" library="SeleniumLibrary">
<arg>xpath://*[@data-value="Technology"]</arg>
<doc>Click the element identified by ``locator``.</doc>
<msg timestamp="20231206 17:56:08.534" level="INFO">Clicking element 'xpath://*[@data-value="Technology"]'.</msg>
<status status="PASS" starttime="20231206 17:56:08.534" endtime="20231206 17:56:08.825"/>
</kw>
<kw name="Wait Until Element Is Not Visible" library="SeleniumLibrary">
<arg>xpath://*[@data-value="Technology"]</arg>
<doc>Waits until the element ``locator`` is not visible.</doc>
<status status="PASS" starttime="20231206 17:56:08.825" endtime="20231206 17:56:09.045"/>
</kw>
<kw name="Input Text" library="SeleniumLibrary">
<arg>xpath://input[@name="SearchField"]</arg>
<arg>docker</arg>
<doc>Types the given ``text`` into the text field identified by ``locator``.</doc>
<msg timestamp="20231206 17:56:09.045" level="INFO">Typing text 'docker' into text field 'xpath://input[@name="SearchField"]'.</msg>
<status status="PASS" starttime="20231206 17:56:09.045" endtime="20231206 17:56:09.504"/>
</kw>
<kw name="Wait Until Element Is Not Visible" library="SeleniumLibrary">
<arg>xpath://*[contains(text(), 'Warspear Offline')]</arg>
<doc>Waits until the element ``locator`` is not visible.</doc>
<status status="PASS" starttime="20231206 17:56:09.504" endtime="20231206 17:56:09.536"/>
</kw>
<kw name="Wait Until Element Is Visible" library="SeleniumLibrary">
<arg>xpath://*[contains(text(), 'Efilibrary')]</arg>
<doc>Waits until the element ``locator`` is visible.</doc>
<status status="PASS" starttime="20231206 17:56:09.536" endtime="20231206 17:56:09.566"/>
</kw>
<status status="PASS" starttime="20231206 17:56:08.405" endtime="20231206 17:56:09.566"/>
</test>
<test id="s1-s4-t4" name="Search function can be reset" line="33">
<kw name="Wait Until Element Is Not Visible" library="SeleniumLibrary">
<arg>xpath://*[contains(text(), 'Warspear Offline')]</arg>
<doc>Waits until the element ``locator`` is not visible.</doc>
<status status="PASS" starttime="20231206 17:56:09.568" endtime="20231206 17:56:09.581"/>
</kw>
<kw name="When User resets search functions">
<kw name="Click Button" library="SeleniumLibrary">
<arg>xpath://button[contains(text(), 'Reset filters')]</arg>
<doc>Clicks the button identified by ``locator``.</doc>
<msg timestamp="20231206 17:56:09.582" level="INFO">Clicking button 'xpath://button[contains(text(), 'Reset filters')]'.</msg>
<status status="PASS" starttime="20231206 17:56:09.582" endtime="20231206 17:56:10.020"/>
</kw>
<kw name="Wait Until Element Is Visible" library="SeleniumLibrary">
<arg>xpath://*[contains(text(), 'Warspear Offline')]</arg>
<doc>Waits until the element ``locator`` is visible.</doc>
<status status="PASS" starttime="20231206 17:56:10.020" endtime="20231206 17:56:10.085"/>
</kw>
<status status="PASS" starttime="20231206 17:56:09.582" endtime="20231206 17:56:10.085"/>
</kw>
<kw name="Wait Until Element Is Visible" library="SeleniumLibrary">
<arg>xpath://*[contains(text(), 'Warspear Offline')]</arg>
<doc>Waits until the element ``locator`` is visible.</doc>
<status status="PASS" starttime="20231206 17:56:10.085" endtime="20231206 17:56:10.120"/>
</kw>
<status status="PASS" starttime="20231206 17:56:09.566" endtime="20231206 17:56:10.120"/>
</test>
<test id="s1-s4-t5" name="Projects can be filtered with type" line="38">
<kw name="Wait Until Element Is Visible" library="SeleniumLibrary">
<arg>xpath://*[contains(text(), 'Warspear Offline')]</arg>
<doc>Waits until the element ``locator`` is visible.</doc>
<status status="PASS" starttime="20231206 17:56:10.121" endtime="20231206 17:56:10.153"/>
</kw>
<kw name="When User sets type filter to personal">
<kw name="Click Element" library="SeleniumLibrary">
<arg>xpath://*[@id="mui-component-select-FilterByType"]</arg>
<doc>Click the element identified by ``locator``.</doc>
<msg timestamp="20231206 17:56:10.154" level="INFO">Clicking element 'xpath://*[@id="mui-component-select-FilterByType"]'.</msg>
<status status="PASS" starttime="20231206 17:56:10.154" endtime="20231206 17:56:10.256"/>
</kw>
<kw name="Wait Until Element Is Visible" library="SeleniumLibrary">
<arg>xpath://*[@data-value="personal"]</arg>
<doc>Waits until the element ``locator`` is visible.</doc>
<status status="PASS" starttime="20231206 17:56:10.256" endtime="20231206 17:56:10.326"/>
</kw>
<kw name="Click Element" library="SeleniumLibrary">
<arg>xpath://*[@data-value="personal"]</arg>
<doc>Click the element identified by ``locator``.</doc>
<msg timestamp="20231206 17:56:10.327" level="INFO">Clicking element 'xpath://*[@data-value="personal"]'.</msg>
<status status="PASS" starttime="20231206 17:56:10.327" endtime="20231206 17:56:10.525"/>
</kw>
<kw name="Wait Until Element Is Not Visible" library="SeleniumLibrary">
<arg>xpath://*[@data-value="personal"]</arg>
<doc>Waits until the element ``locator`` is not visible.</doc>
<status status="PASS" starttime="20231206 17:56:10.525" endtime="20231206 17:56:10.586"/>
</kw>
<status status="PASS" starttime="20231206 17:56:10.153" endtime="20231206 17:56:10.586"/>
</kw>
<kw name="Wait Until Element Is Not Visible" library="SeleniumLibrary">
<arg>xpath://*[contains(text(), 'Warspear Offline')]</arg>
<doc>Waits until the element ``locator`` is not visible.</doc>
<status status="PASS" starttime="20231206 17:56:10.586" endtime="20231206 17:56:10.600"/>
</kw>
<kw name="Wait Until Element Is Visible" library="SeleniumLibrary">
<arg>xpath://*[contains(text(), 'Discord Bot')]</arg>
<doc>Waits until the element ``locator`` is visible.</doc>
<status status="PASS" starttime="20231206 17:56:10.600" endtime="20231206 17:56:10.635"/>
</kw>
<kw name="When User sets type filter to school">
<kw name="Click Element" library="SeleniumLibrary">
<arg>xpath://*[@id="mui-component-select-FilterByType"]</arg>
<doc>Click the element identified by ``locator``.</doc>
<msg timestamp="20231206 17:56:10.636" level="INFO">Clicking element 'xpath://*[@id="mui-component-select-FilterByType"]'.</msg>
<status status="PASS" starttime="20231206 17:56:10.635" endtime="20231206 17:56:10.754"/>
</kw>
<kw name="Wait Until Element Is Visible" library="SeleniumLibrary">
<arg>xpath://*[@data-value="school"]</arg>
<doc>Waits until the element ``locator`` is visible.</doc>
<status status="PASS" starttime="20231206 17:56:10.754" endtime="20231206 17:56:11.019"/>
</kw>
<kw name="Click Element" library="SeleniumLibrary">
<arg>xpath://*[@data-value="school"]</arg>
<doc>Click the element identified by ``locator``.</doc>
<msg timestamp="20231206 17:56:11.020" level="INFO">Clicking element 'xpath://*[@data-value="school"]'.</msg>
<status status="PASS" starttime="20231206 17:56:11.019" endtime="20231206 17:56:11.296"/>
</kw>
<kw name="Wait Until Element Is Not Visible" library="SeleniumLibrary">
<arg>xpath://*[@data-value="school"]</arg>
<doc>Waits until the element ``locator`` is not visible.</doc>
<status status="PASS" starttime="20231206 17:56:11.296" endtime="20231206 17:56:11.626"/>
</kw>
<status status="PASS" starttime="20231206 17:56:10.635" endtime="20231206 17:56:11.626"/>
</kw>
<kw name="Wait Until Element Is Not Visible" library="SeleniumLibrary">
<arg>xpath://*[contains(text(), 'Discord Bot')]</arg>
<doc>Waits until the element ``locator`` is not visible.</doc>
<status status="PASS" starttime="20231206 17:56:11.626" endtime="20231206 17:56:11.638"/>
</kw>
<kw name="Wait Until Element Is Visible" library="SeleniumLibrary">
<arg>xpath://*[contains(text(), 'Warspear Offline')]</arg>
<doc>Waits until the element ``locator`` is visible.</doc>
<status status="PASS" starttime="20231206 17:56:11.638" endtime="20231206 17:56:11.663"/>
</kw>
<status status="PASS" starttime="20231206 17:56:10.121" endtime="20231206 17:56:11.663"/>
</test>
<test id="s1-s4-t6" name="Projects can be filtered with group type" line="47">
<kw name="Wait Until Element Is Visible" library="SeleniumLibrary">
<arg>xpath://*[contains(text(), 'Warspear Offline')]</arg>
<doc>Waits until the element ``locator`` is visible.</doc>
<status status="PASS" starttime="20231206 17:56:11.667" endtime="20231206 17:56:11.699"/>
</kw>
<kw name="When User sets group filter to group">
<kw name="Click Element" library="SeleniumLibrary">
<arg>xpath://*[@id="mui-component-select-FilterByGroup"]</arg>
<doc>Click the element identified by ``locator``.</doc>
<msg timestamp="20231206 17:56:11.700" level="INFO">Clicking element 'xpath://*[@id="mui-component-select-FilterByGroup"]'.</msg>
<status status="PASS" starttime="20231206 17:56:11.700" endtime="20231206 17:56:11.811"/>
</kw>
<kw name="Wait Until Element Is Visible" library="SeleniumLibrary">
<arg>xpath://*[@data-value="group"]</arg>
<doc>Waits until the element ``locator`` is visible.</doc>
<status status="PASS" starttime="20231206 17:56:11.811" endtime="20231206 17:56:12.087"/>
</kw>
<kw name="Click Element" library="SeleniumLibrary">
<arg>xpath://*[@data-value="group"]</arg>
<doc>Click the element identified by ``locator``.</doc>
<msg timestamp="20231206 17:56:12.087" level="INFO">Clicking element 'xpath://*[@data-value="group"]'.</msg>
<status status="PASS" starttime="20231206 17:56:12.087" endtime="20231206 17:56:12.275"/>
</kw>
<kw name="Wait Until Element Is Not Visible" library="SeleniumLibrary">
<arg>xpath://*[@data-value="group"]</arg>
<doc>Waits until the element ``locator`` is not visible.</doc>
<status status="PASS" starttime="20231206 17:56:12.275" endtime="20231206 17:56:12.527"/>
</kw>
<status status="PASS" starttime="20231206 17:56:11.699" endtime="20231206 17:56:12.527"/>
</kw>
<kw name="Wait Until Element Is Not Visible" library="SeleniumLibrary">
<arg>xpath://*[contains(text(), 'Warspear Offline')]</arg>
<doc>Waits until the element ``locator`` is not visible.</doc>
<status status="PASS" starttime="20231206 17:56:12.527" endtime="20231206 17:56:12.541"/>
</kw>
<kw name="Wait Until Element Is Visible" library="SeleniumLibrary">
<arg>xpath://*[contains(text(), 'Mobile Chess Game')]</arg>
<doc>Waits until the element ``locator`` is visible.</doc>
<status status="PASS" starttime="20231206 17:56:12.541" endtime="20231206 17:56:12.573"/>
</kw>
<kw name="When User sets group filter to solo">
<kw name="Click Element" library="SeleniumLibrary">
<arg>xpath://*[@id="mui-component-select-FilterByGroup"]</arg>
<doc>Click the element identified by ``locator``.</doc>
<msg timestamp="20231206 17:56:12.574" level="INFO">Clicking element 'xpath://*[@id="mui-component-select-FilterByGroup"]'.</msg>
<status status="PASS" starttime="20231206 17:56:12.574" endtime="20231206 17:56:12.654"/>
</kw>
<kw name="Wait Until Element Is Visible" library="SeleniumLibrary">
<arg>xpath://*[@data-value="solo"]</arg>
<doc>Waits until the element ``locator`` is visible.</doc>
<status status="PASS" starttime="20231206 17:56:12.654" endtime="20231206 17:56:12.912"/>
</kw>
<kw name="Click Element" library="SeleniumLibrary">
<arg>xpath://*[@data-value="solo"]</arg>
<doc>Click the element identified by ``locator``.</doc>
<msg timestamp="20231206 17:56:12.913" level="INFO">Clicking element 'xpath://*[@data-value="solo"]'.</msg>
<status status="PASS" starttime="20231206 17:56:12.913" endtime="20231206 17:56:13.134"/>
</kw>
<kw name="Wait Until Element Is Not Visible" library="SeleniumLibrary">
<arg>xpath://*[@data-value="solo"]</arg>
<doc>Waits until the element ``locator`` is not visible.</doc>
<status status="PASS" starttime="20231206 17:56:13.135" endtime="20231206 17:56:13.410"/>
</kw>
<status status="PASS" starttime="20231206 17:56:12.574" endtime="20231206 17:56:13.410"/>
</kw>
<kw name="Wait Until Element Is Not Visible" library="SeleniumLibrary">
<arg>xpath://*[contains(text(), 'Mobile Chess Game')]</arg>
<doc>Waits until the element ``locator`` is not visible.</doc>
<status status="PASS" starttime="20231206 17:56:13.411" endtime="20231206 17:56:13.424"/>
</kw>
<kw name="Wait Until Element Is Visible" library="SeleniumLibrary">
<arg>xpath://*[contains(text(), 'Ground Source Heat Pump')]</arg>
<doc>Waits until the element ``locator`` is visible.</doc>
<status status="PASS" starttime="20231206 17:56:13.424" endtime="20231206 17:56:13.454"/>
</kw>
<status status="PASS" starttime="20231206 17:56:11.664" endtime="20231206 17:56:13.454"/>
</test>
<kw name="Close All Browsers" library="SeleniumLibrary" type="TEARDOWN">
<doc>Closes all open browsers and resets the browser cache.</doc>
<status status="PASS" starttime="20231206 17:56:13.455" endtime="20231206 17:56:13.526"/>
</kw>
<status status="PASS" starttime="20231206 17:56:01.608" endtime="20231206 17:56:13.526"/>
</suite>
<status status="PASS" starttime="20231206 17:55:49.783" endtime="20231206 17:56:13.528"/>
</suite>
<statistics>
<total>
<stat pass="11" fail="0" skip="0">All Tests</stat>
</total>
<tag>
</tag>
<suite>
<stat pass="11" fail="0" skip="0" id="s1" name="Tests">Tests</stat>
<stat pass="1" fail="0" skip="0" id="s1-s1" name="00 SmokeTest">Tests.00 SmokeTest</stat>
<stat pass="3" fail="0" skip="0" id="s1-s2" name="01 HeaderTest">Tests.01 HeaderTest</stat>
<stat pass="1" fail="0" skip="0" id="s1-s3" name="02 ContactComponentTest">Tests.02 ContactComponentTest</stat>
<stat pass="6" fail="0" skip="0" id="s1-s4" name="03 ProjectTabs">Tests.03 ProjectTabs</stat>
</suite>
</statistics>
<errors>
</errors>
</robot>
